-------------------------------------------------------------------------------
Test set: com.bestbuyplayground.servicesinfo.ServicesCRUDTestWithSteps
-------------------------------------------------------------------------------
Tests run: 3, Failures: 0, Errors: 3, Skipped: 0, Time elapsed: 0.313 sec <<< FAILURE! - in com.bestbuyplayground.servicesinfo.ServicesCRUDTestWithSteps
test001(com.bestbuyplayground.servicesinfo.ServicesCRUDTestWithSteps)  Time elapsed: 0.156 sec  <<< ERROR!
java.lang.ClassCastException: java.lang.Integer cannot be cast to java.lang.String
	at com.bestbuyplayground.servicesinfo.ServicesCRUDTestWithSteps.test001(ServicesCRUDTestWithSteps.java:39)

test002(com.bestbuyplayground.servicesinfo.ServicesCRUDTestWithSteps)  Time elapsed: 0 sec  <<< ERROR!
java.lang.IllegalArgumentException: parameterValue cannot be null
	at sun.reflect.NativeConstructorAccessorImpl.newInstance0(Native Method)
	at sun.reflect.NativeConstructorAccessorImpl.newInstance(NativeConstructorAccessorImpl.java:62)
	at sun.reflect.DelegatingConstructorAccessorImpl.newInstance(DelegatingConstructorAccessorImpl.java:45)
	at java.lang.reflect.Constructor.newInstance(Constructor.java:423)
	at org.codehaus.groovy.reflection.CachedConstructor.invoke(CachedConstructor.java:83)
	at org.codehaus.groovy.reflection.CachedConstructor.doConstructorInvoke(CachedConstructor.java:77)
	at org.codehaus.groovy.runtime.callsite.ConstructorSite$ConstructorSiteNoUnwrap.callConstructor(ConstructorSite.java:84)
	at org.codehaus.groovy.runtime.callsite.CallSiteArray.defaultCallConstructor(CallSiteArray.java:60)
	at org.codehaus.groovy.runtime.callsite.AbstractCallSite.callConstructor(AbstractCallSite.java:235)
	at org.codehaus.groovy.runtime.callsite.AbstractCallSite.callConstructor(AbstractCallSite.java:247)
	at io.restassured.internal.assertion.AssertParameter.notNull(AssertParameter.groovy:26)
	at io.restassured.internal.assertion.AssertParameter$notNull.callStatic(Unknown Source)
	at org.codehaus.groovy.runtime.callsite.CallSiteArray.defaultCallStatic(CallSiteArray.java:56)
	at io.restassured.internal.assertion.AssertParameter$notNull.callStatic(Unknown Source)
	at io.restassured.internal.RequestSpecificationImpl.pathParameter(RequestSpecificationImpl.groovy:560)
	at sun.reflect.NativeMethodAccessorImpl.invoke0(Native Method)
	at sun.reflect.NativeMethodAccessorImpl.invoke(NativeMethodAccessorImpl.java:62)
	at sun.reflect.DelegatingMethodAccessorImpl.invoke(DelegatingMethodAccessorImpl.java:43)
	at java.lang.reflect.Method.invoke(Method.java:498)
	at org.codehaus.groovy.reflection.CachedMethod.invoke(CachedMethod.java:93)
	at groovy.lang.MetaMethod.doMethodInvoke(MetaMethod.java:325)
	at groovy.lang.MetaClassImpl.invokeMethod(MetaClassImpl.java:1213)
	at groovy.lang.MetaClassImpl.invokeMethod(MetaClassImpl.java:1022)
	at groovy.lang.MetaClassImpl.invokeMethod(MetaClassImpl.java:810)
	at io.restassured.internal.RequestSpecificationImpl.invokeMethod(RequestSpecificationImpl.groovy)
	at org.codehaus.groovy.runtime.callsite.PogoInterceptableSite.call(PogoInterceptableSite.java:48)
	at org.codehaus.groovy.runtime.callsite.PogoInterceptableSite.callCurrent(PogoInterceptableSite.java:58)
	at org.codehaus.groovy.runtime.callsite.AbstractCallSite.callCurrent(AbstractCallSite.java:174)
	at io.restassured.internal.RequestSpecificationImpl.pathParam(RequestSpecificationImpl.groovy:578)
	at net.serenitybdd.rest.decorators.request.RequestSpecificationParametersConfigurations.pathParam(RequestSpecificationParametersConfigurations.java:188)
	at net.serenitybdd.rest.decorators.request.RequestSpecificationDecorated.pathParam(RequestSpecificationDecorated.java:27)
	at com.bestbuyplayground.servicesinfo.ServicesCRUDTestWithSteps.test002(ServicesCRUDTestWithSteps.java:54)

test003(com.bestbuyplayground.servicesinfo.ServicesCRUDTestWithSteps)  Time elapsed: 0 sec  <<< ERROR!
java.lang.IllegalArgumentException: parameterValue cannot be null
	at sun.reflect.NativeConstructorAccessorImpl.newInstance0(Native Method)
	at sun.reflect.NativeConstructorAccessorImpl.newInstance(NativeConstructorAccessorImpl.java:62)
	at sun.reflect.DelegatingConstructorAccessorImpl.newInstance(DelegatingConstructorAccessorImpl.java:45)
	at java.lang.reflect.Constructor.newInstance(Constructor.java:423)
	at org.codehaus.groovy.reflection.CachedConstructor.invoke(CachedConstructor.java:83)
	at org.codehaus.groovy.reflection.CachedConstructor.doConstructorInvoke(CachedConstructor.java:77)
	at org.codehaus.groovy.runtime.callsite.ConstructorSite$ConstructorSiteNoUnwrap.callConstructor(ConstructorSite.java:84)
	at org.codehaus.groovy.runtime.callsite.AbstractCallSite.callConstructor(AbstractCallSite.java:247)
	at io.restassured.internal.assertion.AssertParameter.notNull(AssertParameter.groovy:26)
	at io.restassured.internal.assertion.AssertParameter$notNull.callStatic(Unknown Source)
	at io.restassured.internal.RequestSpecificationImpl.pathParameter(RequestSpecificationImpl.groovy:560)
	at sun.reflect.NativeMethodAccessorImpl.invoke0(Native Method)
	at sun.reflect.NativeMethodAccessorImpl.invoke(NativeMethodAccessorImpl.java:62)
	at sun.reflect.DelegatingMethodAccessorImpl.invoke(DelegatingMethodAccessorImpl.java:43)
	at java.lang.reflect.Method.invoke(Method.java:498)
	at org.codehaus.groovy.reflection.CachedMethod.invoke(CachedMethod.java:93)
	at groovy.lang.MetaMethod.doMethodInvoke(MetaMethod.java:325)
	at groovy.lang.MetaClassImpl.invokeMethod(MetaClassImpl.java:1213)
	at groovy.lang.MetaClassImpl.invokeMethod(MetaClassImpl.java:1022)
	at groovy.lang.MetaClassImpl.invokeMethod(MetaClassImpl.java:810)
	at io.restassured.internal.RequestSpecificationImpl.invokeMethod(RequestSpecificationImpl.groovy)
	at org.codehaus.groovy.runtime.callsite.PogoInterceptableSite.call(PogoInterceptableSite.java:48)
	at org.codehaus.groovy.runtime.callsite.PogoInterceptableSite.callCurrent(PogoInterceptableSite.java:58)
	at org.codehaus.groovy.runtime.callsite.AbstractCallSite.callCurrent(AbstractCallSite.java:174)
	at io.restassured.internal.RequestSpecificationImpl.pathParam(RequestSpecificationImpl.groovy:578)
	at net.serenitybdd.rest.decorators.request.RequestSpecificationParametersConfigurations.pathParam(RequestSpecificationParametersConfigurations.java:188)
	at net.serenitybdd.rest.decorators.request.RequestSpecificationDecorated.pathParam(RequestSpecificationDecorated.java:27)
	at com.bestbuyplayground.servicesinfo.ServicesCRUDTestWithSteps.test003(ServicesCRUDTestWithSteps.java:75)

