<?xml version="1.0" encoding="UTF-8"?>
<testsuite name="com.bestbuyplayground.servicesinfo.ServicesCRUDTestWithSteps" time="0.156" tests="3" errors="3" skipped="0" failures="0">
  <properties>
[...]
</properties>
  <testcase name="test001" classname="com.bestbuyplayground.servicesinfo.ServicesCRUDTestWithSteps" time="0.156">
    <error message="java.lang.Integer cannot be cast to java.lang.String" type="java.lang.ClassCastException">java.lang.ClassCastException: java.lang.Integer cannot be cast to java.lang.String
	at com.bestbuyplayground.servicesinfo.ServicesCRUDTestWithSteps.test001(ServicesCRUDTestWithSteps.java:39)
</error>
    <system-out><![CDATA[Request method:	POST
Request URI:	http://localhost:3030/services
Proxy:			<none>
Request params:	<none>
Query params:	<none>
Form params:	<none>
Path params:	<none>
Multiparts:		<none>
Headers:		Accept=*/*
				Content-Type=application/json; charset=UTF-8
Cookies:		<none>
Body:
{
    "name": "Magnolia30"
}
HTTP/1.1 201 Created
X-Powered-By: Express
Access-Control-Allow-Origin: *
Allow: GET,POST,PUT,PATCH,DELETE
Vary: Accept, Accept-Encoding
Content-Type: application/json; charset=utf-8
Content-Length: 107
ETag: W/"6b-APF5NQFePZvynEbY7Gvj3VuLL1Q"
Date: Mon, 10 Jan 2022 23:12:36 GMT
Connection: keep-alive

{
    "id": 29,
    "name": "Magnolia30",
    "updatedAt": "2022-01-10T23:12:36.319Z",
    "createdAt": "2022-01-10T23:12:36.319Z"
}
{createdAt=2022-01-10T23:12:36.319Z, name=Magnolia30, id=29, updatedAt=2022-01-10T23:12:36.319Z}
]]></system-out>
    <system-err><![CDATA[13558 [main] INFO net.serenitybdd.core.Serenity - 
        __    _____ _____ ____ _____   ____   _    ____  ____  _____ ____  
  _     \ \  |_   _| ____/ ___|_   _| |  _ \ / \  / ___|/ ___|| ____|  _ \ 
 (_)_____| |   | | |  _| \___ \ | |   | |_) / _ \ \___ \\___ \|  _| | | | |
  _|_____| |   | | | |___ ___) || |   |  __/ ___ \ ___) |___) | |___| |_| |
 (_)     | |   |_| |_____|____/ |_|   |_| /_/   \_\____/|____/|_____|____/ 
        /_/                                                                

TEST PASSED: Delete the product and verify if the product is deleted
----------------------------------------------------------------------------
13558 [pool-3-thread-1] INFO net.thucydides.core.reports.json.JSONTestOutcomeReporter - Generating JSON report for This will create a new product to file C:\Users\Hemal Purohit\Desktop\Software testing\HomeworkFloder\bestBuySerenityWk_19\target\site\serenity\6f68fe7d97a149d6d1a0aa8a947147f4993ccd825a61b992428b399441ac486c.json (using temp file C:\Users\Hemal Purohit\Desktop\Software testing\HomeworkFloder\bestBuySerenityWk_19\target\site\serenity\6f68fe7d97a149d6d1a0aa8a947147f4993ccd825a61b992428b399441ac486c.json62072a87-cd68-46b2-9a16-d56725c34874)
13558 [pool-3-thread-2] INFO net.thucydides.core.reports.json.JSONTestOutcomeReporter - Generating JSON report for Verify  the product was added to productlist to file C:\Users\Hemal Purohit\Desktop\Software testing\HomeworkFloder\bestBuySerenityWk_19\target\site\serenity\0f6767db9eb1ac8b8a81d068154ba64890a1cba73f10746f345225c36cb06a76.json (using temp file C:\Users\Hemal Purohit\Desktop\Software testing\HomeworkFloder\bestBuySerenityWk_19\target\site\serenity\0f6767db9eb1ac8b8a81d068154ba64890a1cba73f10746f345225c36cb06a76.jsonc75e7821-edca-4cd7-be6e-d6f7a883949a)
13558 [pool-3-thread-3] INFO net.thucydides.core.reports.json.JSONTestOutcomeReporter - Generating JSON report for Update product information and verify the updated product information to file C:\Users\Hemal Purohit\Desktop\Software testing\HomeworkFloder\bestBuySerenityWk_19\target\site\serenity\47da840a998fb51ea4b1ab67f04e311d875eea682679d3980fd077ae53c2e8dc.json (using temp file C:\Users\Hemal Purohit\Desktop\Software testing\HomeworkFloder\bestBuySerenityWk_19\target\site\serenity\47da840a998fb51ea4b1ab67f04e311d875eea682679d3980fd077ae53c2e8dc.jsonf46422e8-7abc-4cd8-94a1-09ce9f5052ea)
13558 [pool-3-thread-4] INFO net.thucydides.core.reports.json.JSONTestOutcomeReporter - Generating JSON report for Delete the product and verify if the product is deleted to file C:\Users\Hemal Purohit\Desktop\Software testing\HomeworkFloder\bestBuySerenityWk_19\target\site\serenity\dc677b74519a235c6e15aee04ab776a858726104059eb17004e2439e10719c29.json (using temp file C:\Users\Hemal Purohit\Desktop\Software testing\HomeworkFloder\bestBuySerenityWk_19\target\site\serenity\dc677b74519a235c6e15aee04ab776a858726104059eb17004e2439e10719c29.jsonc6de7b3e-e5ae-4076-be17-0e986aaa88c5)
13590 [pool-4-thread-2] INFO net.thucydides.core.reports.html.HtmlAcceptanceTestReporter - GENERATING HTML REPORT FOR Product CRUD test with steps:test002 in 0f6767db9eb1ac8b8a81d068154ba64890a1cba73f10746f345225c36cb06a76.html in directory target\site\serenity  
13590 [pool-4-thread-4] INFO net.thucydides.core.reports.html.HtmlAcceptanceTestReporter - GENERATING HTML REPORT FOR Product CRUD test with steps:test004 in dc677b74519a235c6e15aee04ab776a858726104059eb17004e2439e10719c29.html in directory target\site\serenity  
13590 [pool-4-thread-3] INFO net.thucydides.core.reports.html.HtmlAcceptanceTestReporter - GENERATING HTML REPORT FOR Product CRUD test with steps:test003 in 47da840a998fb51ea4b1ab67f04e311d875eea682679d3980fd077ae53c2e8dc.html in directory target\site\serenity  
13590 [pool-4-thread-1] INFO net.thucydides.core.reports.html.HtmlAcceptanceTestReporter - GENERATING HTML REPORT FOR Product CRUD test with steps:test001 in 6f68fe7d97a149d6d1a0aa8a947147f4993ccd825a61b992428b399441ac486c.html in directory target\site\serenity  
13637 [main] INFO net.serenitybdd.core.Serenity - Test Suite Started: Services CRUD test with steps
13637 [main] INFO net.serenitybdd.core.Serenity - 
 _____ _____ ____ _____   ____ _____  _    ____ _____ _____ ____  
|_   _| ____/ ___|_   _| / ___|_   _|/ \  |  _ \_   _| ____|  _ \ 
  | | |  _| \___ \ | |   \___ \ | | / _ \ | |_) || | |  _| | | | |
  | | | |___ ___) || |    ___) || |/ ___ \|  _ < | | | |___| |_| |
  |_| |_____|____/ |_|   |____/ |_/_/   \_\_| \_\|_| |_____|____/ 
                                                                  

TEST STARTED: test001
-------------------------------------------------------------------
13637 [main] INFO net.serenitybdd.core.Serenity - TEST NUMBER: 9
]]></system-err>
  </testcase>
  <testcase name="test002" classname="com.bestbuyplayground.servicesinfo.ServicesCRUDTestWithSteps" time="0">
    <error message="parameterValue cannot be null" type="java.lang.IllegalArgumentException">java.lang.IllegalArgumentException: parameterValue cannot be null
	at sun.reflect.NativeConstructorAccessorImpl.newInstance0(Native Method)
	at sun.reflect.NativeConstructorAccessorImpl.newInstance(NativeConstructorAccessorImpl.java:62)
	at sun.reflect.DelegatingConstructorAccessorImpl.newInstance(DelegatingConstructorAccessorImpl.java:45)
	at java.lang.reflect.Constructor.newInstance(Constructor.java:423)
	at org.codehaus.groovy.reflection.CachedConstructor.invoke(CachedConstructor.java:83)
	at org.codehaus.groovy.reflection.CachedConstructor.doConstructorInvoke(CachedConstructor.java:77)
	at org.codehaus.groovy.runtime.callsite.ConstructorSite$ConstructorSiteNoUnwrap.callConstructor(ConstructorSite.java:84)
	at org.codehaus.groovy.runtime.callsite.CallSiteArray.defaultCallConstructor(CallSiteArray.java:60)
	at org.codehaus.groovy.runtime.callsite.AbstractCallSite.callConstructor(AbstractCallSite.java:235)
	at org.codehaus.groovy.runtime.callsite.AbstractCallSite.callConstructor(AbstractCallSite.java:247)
	at io.restassured.internal.assertion.AssertParameter.notNull(AssertParameter.groovy:26)
	at io.restassured.internal.assertion.AssertParameter$notNull.callStatic(Unknown Source)
	at org.codehaus.groovy.runtime.callsite.CallSiteArray.defaultCallStatic(CallSiteArray.java:56)
	at io.restassured.internal.assertion.AssertParameter$notNull.callStatic(Unknown Source)
	at io.restassured.internal.RequestSpecificationImpl.pathParameter(RequestSpecificationImpl.groovy:560)
	at sun.reflect.NativeMethodAccessorImpl.invoke0(Native Method)
	at sun.reflect.NativeMethodAccessorImpl.invoke(NativeMethodAccessorImpl.java:62)
	at sun.reflect.DelegatingMethodAccessorImpl.invoke(DelegatingMethodAccessorImpl.java:43)
	at java.lang.reflect.Method.invoke(Method.java:498)
	at org.codehaus.groovy.reflection.CachedMethod.invoke(CachedMethod.java:93)
	at groovy.lang.MetaMethod.doMethodInvoke(MetaMethod.java:325)
	at groovy.lang.MetaClassImpl.invokeMethod(MetaClassImpl.java:1213)
	at groovy.lang.MetaClassImpl.invokeMethod(MetaClassImpl.java:1022)
	at groovy.lang.MetaClassImpl.invokeMethod(MetaClassImpl.java:810)
	at io.restassured.internal.RequestSpecificationImpl.invokeMethod(RequestSpecificationImpl.groovy)
	at org.codehaus.groovy.runtime.callsite.PogoInterceptableSite.call(PogoInterceptableSite.java:48)
	at org.codehaus.groovy.runtime.callsite.PogoInterceptableSite.callCurrent(PogoInterceptableSite.java:58)
	at org.codehaus.groovy.runtime.callsite.AbstractCallSite.callCurrent(AbstractCallSite.java:174)
	at io.restassured.internal.RequestSpecificationImpl.pathParam(RequestSpecificationImpl.groovy:578)
	at net.serenitybdd.rest.decorators.request.RequestSpecificationParametersConfigurations.pathParam(RequestSpecificationParametersConfigurations.java:188)
	at net.serenitybdd.rest.decorators.request.RequestSpecificationDecorated.pathParam(RequestSpecificationDecorated.java:27)
	at com.bestbuyplayground.servicesinfo.ServicesCRUDTestWithSteps.test002(ServicesCRUDTestWithSteps.java:54)
</error>
    <system-err><![CDATA[13808 [main] ERROR net.serenitybdd.core.Serenity - 
           __  _____ _____ ____ _____   _____ _    ___ _     _____ ____  
  _       / / |_   _| ____/ ___|_   _| |  ___/ \  |_ _| |   | ____|  _ \ 
 (_)_____| |    | | |  _| \___ \ | |   | |_ / _ \  | || |   |  _| | | | |
  _|_____| |    | | | |___ ___) || |   |  _/ ___ \ | || |___| |___| |_| |
 (_)     | |    |_| |_____|____/ |_|   |_|/_/   \_\___|_____|_____|____/ 
          \_\                                                            

TEST FAILED WITH ERROR: creating and verify the category data to an application
---------------------------------------------------------------------
13808 [main] ERROR net.serenitybdd.core.Serenity - java.lang.Integer cannot be cast to java.lang.String
13808 [main] INFO net.serenitybdd.core.Serenity - 
 _____ _____ ____ _____   ____ _____  _    ____ _____ _____ ____  
|_   _| ____/ ___|_   _| / ___|_   _|/ \  |  _ \_   _| ____|  _ \ 
  | | |  _| \___ \ | |   \___ \ | | / _ \ | |_) || | |  _| | | | |
  | | | |___ ___) || |    ___) || |/ ___ \|  _ < | | | |___| |_| |
  |_| |_____|____/ |_|   |____/ |_/_/   \_\_| \_\|_| |_____|____/ 
                                                                  

TEST STARTED: test002
-------------------------------------------------------------------
13808 [main] INFO net.serenitybdd.core.Serenity - TEST NUMBER: 10
]]></system-err>
  </testcase>
  <testcase name="test003" classname="com.bestbuyplayground.servicesinfo.ServicesCRUDTestWithSteps" time="0">
    <error message="parameterValue cannot be null" type="java.lang.IllegalArgumentException">java.lang.IllegalArgumentException: parameterValue cannot be null
	at sun.reflect.NativeConstructorAccessorImpl.newInstance0(Native Method)
	at sun.reflect.NativeConstructorAccessorImpl.newInstance(NativeConstructorAccessorImpl.java:62)
	at sun.reflect.DelegatingConstructorAccessorImpl.newInstance(DelegatingConstructorAccessorImpl.java:45)
	at java.lang.reflect.Constructor.newInstance(Constructor.java:423)
	at org.codehaus.groovy.reflection.CachedConstructor.invoke(CachedConstructor.java:83)
	at org.codehaus.groovy.reflection.CachedConstructor.doConstructorInvoke(CachedConstructor.java:77)
	at org.codehaus.groovy.runtime.callsite.ConstructorSite$ConstructorSiteNoUnwrap.callConstructor(ConstructorSite.java:84)
	at org.codehaus.groovy.runtime.callsite.AbstractCallSite.callConstructor(AbstractCallSite.java:247)
	at io.restassured.internal.assertion.AssertParameter.notNull(AssertParameter.groovy:26)
	at io.restassured.internal.assertion.AssertParameter$notNull.callStatic(Unknown Source)
	at io.restassured.internal.RequestSpecificationImpl.pathParameter(RequestSpecificationImpl.groovy:560)
	at sun.reflect.NativeMethodAccessorImpl.invoke0(Native Method)
	at sun.reflect.NativeMethodAccessorImpl.invoke(NativeMethodAccessorImpl.java:62)
	at sun.reflect.DelegatingMethodAccessorImpl.invoke(DelegatingMethodAccessorImpl.java:43)
	at java.lang.reflect.Method.invoke(Method.java:498)
	at org.codehaus.groovy.reflection.CachedMethod.invoke(CachedMethod.java:93)
	at groovy.lang.MetaMethod.doMethodInvoke(MetaMethod.java:325)
	at groovy.lang.MetaClassImpl.invokeMethod(MetaClassImpl.java:1213)
	at groovy.lang.MetaClassImpl.invokeMethod(MetaClassImpl.java:1022)
	at groovy.lang.MetaClassImpl.invokeMethod(MetaClassImpl.java:810)
	at io.restassured.internal.RequestSpecificationImpl.invokeMethod(RequestSpecificationImpl.groovy)
	at org.codehaus.groovy.runtime.callsite.PogoInterceptableSite.call(PogoInterceptableSite.java:48)
	at org.codehaus.groovy.runtime.callsite.PogoInterceptableSite.callCurrent(PogoInterceptableSite.java:58)
	at org.codehaus.groovy.runtime.callsite.AbstractCallSite.callCurrent(AbstractCallSite.java:174)
	at io.restassured.internal.RequestSpecificationImpl.pathParam(RequestSpecificationImpl.groovy:578)
	at net.serenitybdd.rest.decorators.request.RequestSpecificationParametersConfigurations.pathParam(RequestSpecificationParametersConfigurations.java:188)
	at net.serenitybdd.rest.decorators.request.RequestSpecificationDecorated.pathParam(RequestSpecificationDecorated.java:27)
	at com.bestbuyplayground.servicesinfo.ServicesCRUDTestWithSteps.test003(ServicesCRUDTestWithSteps.java:75)
</error>
    <system-err><![CDATA[13824 [main] ERROR net.serenitybdd.core.Serenity - 
           __  _____ _____ ____ _____   _____ _    ___ _     _____ ____  
  _       / / |_   _| ____/ ___|_   _| |  ___/ \  |_ _| |   | ____|  _ \ 
 (_)_____| |    | | |  _| \___ \ | |   | |_ / _ \  | || |   |  _| | | | |
  _|_____| |    | | | |___ ___) || |   |  _/ ___ \ | || |___| |___| |_| |
 (_)     | |    |_| |_____|____/ |_|   |_|/_/   \_\___|_____|_____|____/ 
          \_\                                                            

TEST FAILED WITH ERROR: Update and verify the data in category application
---------------------------------------------------------------------
13824 [main] ERROR net.serenitybdd.core.Serenity - parameterValue cannot be null
13824 [main] INFO net.serenitybdd.core.Serenity - 
 _____ _____ ____ _____   ____ _____  _    ____ _____ _____ ____  
|_   _| ____/ ___|_   _| / ___|_   _|/ \  |  _ \_   _| ____|  _ \ 
  | | |  _| \___ \ | |   \___ \ | | / _ \ | |_) || | |  _| | | | |
  | | | |___ ___) || |    ___) || |/ ___ \|  _ < | | | |___| |_| |
  |_| |_____|____/ |_|   |____/ |_/_/   \_\_| \_\|_| |_____|____/ 
                                                                  

TEST STARTED: test003
-------------------------------------------------------------------
13824 [main] INFO net.serenitybdd.core.Serenity - TEST NUMBER: 11
]]></system-err>
  </testcase>
</testsuite>