<?xml version="1.0" encoding="UTF-8"?><testsuite errors="3" failures="0" name="com.bestbuyplayground.servicesinfo.ServicesCRUDTestWithSteps" skipped="0" tests="3" time="0.2" timestamp="2022-01-10T23:12:36.257Z[Europe/London]"><testcase classname="com.bestbuyplayground.servicesinfo.ServicesCRUDTestWithSteps" name="creating and verify the category data to an application"><error message="java.lang.Integer cannot be cast to java.lang.String" type="java.lang.ClassCastException">java.lang.Integer cannot be cast to java.lang.String</error><system-err>java.lang.Integer cannot be cast to java.lang.String&#13;
com.bestbuyplayground.servicesinfo.ServicesCRUDTestWithSteps.test001(ServicesCRUDTestWithSteps.java:39)&#13;
</system-err></testcase><testcase classname="com.bestbuyplayground.servicesinfo.ServicesCRUDTestWithSteps" name="Update and verify the data in category application"><error message="parameterValue cannot be null" type="java.lang.IllegalArgumentException">parameterValue cannot be null</error><system-err>parameterValue cannot be null&#13;
io.restassured.internal.assertion.AssertParameter.notNull(AssertParameter.groovy:26)&#13;
io.restassured.internal.RequestSpecificationImpl.pathParameter(RequestSpecificationImpl.groovy:560)&#13;
groovy.lang.MetaMethod.doMethodInvoke(MetaMethod.java:325)&#13;
groovy.lang.MetaClassImpl.invokeMethod(MetaClassImpl.java:1213)&#13;
groovy.lang.MetaClassImpl.invokeMethod(MetaClassImpl.java:1022)&#13;
groovy.lang.MetaClassImpl.invokeMethod(MetaClassImpl.java:810)&#13;
io.restassured.internal.RequestSpecificationImpl.invokeMethod(RequestSpecificationImpl.groovy)&#13;
io.restassured.internal.RequestSpecificationImpl.pathParam(RequestSpecificationImpl.groovy:578)&#13;
net.serenitybdd.rest.decorators.request.RequestSpecificationParametersConfigurations.pathParam(RequestSpecificationParametersConfigurations.java:188)&#13;
net.serenitybdd.rest.decorators.request.RequestSpecificationDecorated.pathParam(RequestSpecificationDecorated.java:27)&#13;
com.bestbuyplayground.servicesinfo.ServicesCRUDTestWithSteps.test002(ServicesCRUDTestWithSteps.java:54)&#13;
</system-err></testcase><testcase classname="com.bestbuyplayground.servicesinfo.ServicesCRUDTestWithSteps" name="Deleting and verify the product is deleted"><error message="parameterValue cannot be null" type="java.lang.IllegalArgumentException">parameterValue cannot be null</error><system-err>parameterValue cannot be null&#13;
io.restassured.internal.assertion.AssertParameter.notNull(AssertParameter.groovy:26)&#13;
io.restassured.internal.RequestSpecificationImpl.pathParameter(RequestSpecificationImpl.groovy:560)&#13;
groovy.lang.MetaMethod.doMethodInvoke(MetaMethod.java:325)&#13;
groovy.lang.MetaClassImpl.invokeMethod(MetaClassImpl.java:1213)&#13;
groovy.lang.MetaClassImpl.invokeMethod(MetaClassImpl.java:1022)&#13;
groovy.lang.MetaClassImpl.invokeMethod(MetaClassImpl.java:810)&#13;
io.restassured.internal.RequestSpecificationImpl.invokeMethod(RequestSpecificationImpl.groovy)&#13;
io.restassured.internal.RequestSpecificationImpl.pathParam(RequestSpecificationImpl.groovy:578)&#13;
net.serenitybdd.rest.decorators.request.RequestSpecificationParametersConfigurations.pathParam(RequestSpecificationParametersConfigurations.java:188)&#13;
net.serenitybdd.rest.decorators.request.RequestSpecificationDecorated.pathParam(RequestSpecificationDecorated.java:27)&#13;
com.bestbuyplayground.servicesinfo.ServicesCRUDTestWithSteps.test003(ServicesCRUDTestWithSteps.java:75)&#13;
</system-err></testcase></testsuite>