<?xml version="1.0" encoding="UTF-8"?><testsuite errors="0" failures="0" name="com.bestbuyplayground.storeinfo.StoreCRUDTestWithSteps" skipped="0" tests="4" time="0.8" timestamp="2022-01-10T23:12:36.585Z[Europe/London]"><testcase classname="com.bestbuyplayground.storeinfo.StoreCRUDTestWithSteps" name="This will create new store"/><testcase classname="com.bestbuyplayground.storeinfo.StoreCRUDTestWithSteps" name="Verify if the strore was created in stores list"/><testcase classname="com.bestbuyplayground.storeinfo.StoreCRUDTestWithSteps" name="Update store information and verify the updated information"/><testcase classname="com.bestbuyplayground.storeinfo.StoreCRUDTestWithSteps" name="Delete store and verify if the product is deleted"/></testsuite>