<?xml version="1.0" encoding="UTF-8"?><testsuite errors="0" failures="0" name="com.bestbuyplayground.productinfo.ProductCRUDTestWithSteps" skipped="0" tests="4" time="1.34" timestamp="2022-01-10T23:12:34.819Z[Europe/London]"><testcase classname="com.bestbuyplayground.productinfo.ProductCRUDTestWithSteps" name="This will create a new product"/><testcase classname="com.bestbuyplayground.productinfo.ProductCRUDTestWithSteps" name="Verify  the product was added to productlist"/><testcase classname="com.bestbuyplayground.productinfo.ProductCRUDTestWithSteps" name="Update product information and verify the updated product information"/><testcase classname="com.bestbuyplayground.productinfo.ProductCRUDTestWithSteps" name="Delete the product and verify if the product is deleted"/></testsuite>