<?xml version="1.0" encoding="UTF-8"?><testsuite errors="0" failures="0" name="com.bestbuyplayground.categoriesinfo.CategoriesCRUDTestWithSteps" skipped="0" tests="4" time="8.27" timestamp="2022-01-10T23:12:23.925Z[Europe/London]"><testcase classname="com.bestbuyplayground.categoriesinfo.CategoriesCRUDTestWithSteps" name="This will create new Category"/><testcase classname="com.bestbuyplayground.categoriesinfo.CategoriesCRUDTestWithSteps" name="Verify if the Category was created in application"/><testcase classname="com.bestbuyplayground.categoriesinfo.CategoriesCRUDTestWithSteps" name="Update Category information and verify the updated information"/><testcase classname="com.bestbuyplayground.categoriesinfo.CategoriesCRUDTestWithSteps" name="Delete Category and verify if the Category is deleted"/></testsuite>